<?xml version="1.0" encoding="UTF-8"?>
<testsuite name="com.practice.project.ProjectBoardApplicationTests" tests="1" skipped="0" failures="0" errors="0" timestamp="2023-09-09T00:34:49" hostname="RGDCN126" time="0.666">
  <properties/>
  <testcase name="contextLoads()" classname="com.practice.project.ProjectBoardApplicationTests" time="0.666"/>
  <system-out><![CDATA[09:34:46.564 [Test worker] DEBUG org.springframework.test.context.BootstrapUtils - Instantiating CacheAwareContextLoaderDelegate from class [org.springframework.test.context.cache.DefaultCacheAwareContextLoaderDelegate]
09:34:46.575 [Test worker] DEBUG org.springframework.test.context.BootstrapUtils - Instantiating BootstrapContext using constructor [public org.springframework.test.context.support.DefaultBootstrapContext(java.lang.Class,org.springframework.test.context.CacheAwareContextLoaderDelegate)]
09:34:46.609 [Test worker] DEBUG org.springframework.test.context.BootstrapUtils - Instantiating TestContextBootstrapper for test class [com.practice.project.ProjectBoardApplicationTests] from class [org.springframework.boot.test.context.SpringBootTestContextBootstrapper]
09:34:46.618 [Test worker] INFO org.springframework.boot.test.context.SpringBootTestContextBootstrapper - Neither @ContextConfiguration nor @ContextHierarchy found for test class [com.practice.project.ProjectBoardApplicationTests], using SpringBootContextLoader
09:34:46.622 [Test worker] DEBUG org.springframework.test.context.support.AbstractContextLoader - Did not detect default resource location for test class [com.practice.project.ProjectBoardApplicationTests]: class path resource [com/practice/project/ProjectBoardApplicationTests-context.xml] does not exist
09:34:46.623 [Test worker] DEBUG org.springframework.test.context.support.AbstractContextLoader - Did not detect default resource location for test class [com.practice.project.ProjectBoardApplicationTests]: class path resource [com/practice/project/ProjectBoardApplicationTestsContext.groovy] does not exist
09:34:46.623 [Test worker] INFO org.springframework.test.context.support.AbstractContextLoader - Could not detect default resource locations for test class [com.practice.project.ProjectBoardApplicationTests]: no resource found for suffixes {-context.xml, Context.groovy}.
09:34:46.624 [Test worker] INFO org.springframework.test.context.support.AnnotationConfigContextLoaderUtils - Could not detect default configuration classes for test class [com.practice.project.ProjectBoardApplicationTests]: ProjectBoardApplicationTests does not declare any static, non-private, non-final, nested classes annotated with @Configuration.
09:34:46.663 [Test worker] DEBUG org.springframework.test.context.support.ActiveProfilesUtils - Could not find an 'annotation declaring class' for annotation type [org.springframework.test.context.ActiveProfiles] and class [com.practice.project.ProjectBoardApplicationTests]
09:34:46.726 [Test worker] DEBUG org.springframework.context.annotation.ClassPathScanningCandidateComponentProvider - Identified candidate component class: file [C:\github\board-practice\project-board\build\classes\java\main\com\practice\project\ProjectBoardApplication.class]
09:34:46.727 [Test worker] INFO org.springframework.boot.test.context.SpringBootTestContextBootstrapper - Found @SpringBootConfiguration com.practice.project.ProjectBoardApplication for test class com.practice.project.ProjectBoardApplicationTests
09:34:46.844 [Test worker] DEBUG org.springframework.boot.test.context.SpringBootTestContextBootstrapper - @TestExecutionListeners is not present for class [com.practice.project.ProjectBoardApplicationTests]: using defaults.
09:34:46.844 [Test worker] INFO org.springframework.boot.test.context.SpringBootTestContextBootstrapper - Loaded default TestExecutionListener class names from location [META-INF/spring.factories]: [org.springframework.boot.test.autoconfigure.restdocs.RestDocsTestExecutionListener, org.springframework.boot.test.autoconfigure.web.client.MockRestServiceServerResetTestExecutionListener, org.springframework.boot.test.autoconfigure.web.servlet.MockMvcPrintOnlyOnFailureTestExecutionListener, org.springframework.boot.test.autoconfigure.web.servlet.WebDriverTestExecutionListener, org.springframework.boot.test.autoconfigure.webservices.client.MockWebServiceServerTestExecutionListener, org.springframework.boot.test.mock.mockito.MockitoTestExecutionListener, org.springframework.boot.test.mock.mockito.ResetMocksTestExecutionListener, org.springframework.test.context.web.ServletTestExecutionListener, org.springframework.test.context.support.DirtiesContextBeforeModesTestExecutionListener, org.springframework.test.context.event.ApplicationEventsTestExecutionListener, org.springframework.test.context.support.DependencyInjectionTestExecutionListener, org.springframework.test.context.support.DirtiesContextTestExecutionListener, org.springframework.test.context.transaction.TransactionalTestExecutionListener, org.springframework.test.context.jdbc.SqlScriptsTestExecutionListener, org.springframework.test.context.event.EventPublishingTestExecutionListener]
09:34:46.858 [Test worker] DEBUG org.springframework.boot.test.context.SpringBootTestContextBootstrapper - Skipping candidate TestExecutionListener [org.springframework.test.context.transaction.TransactionalTestExecutionListener] due to a missing dependency. Specify custom listener classes or make the default listener classes and their required dependencies available. Offending class: [org/springframework/transaction/interceptor/TransactionAttributeSource]
09:34:46.859 [Test worker] DEBUG org.springframework.boot.test.context.SpringBootTestContextBootstrapper - Skipping candidate TestExecutionListener [org.springframework.test.context.jdbc.SqlScriptsTestExecutionListener] due to a missing dependency. Specify custom listener classes or make the default listener classes and their required dependencies available. Offending class: [org/springframework/transaction/interceptor/TransactionAttribute]
09:34:46.859 [Test worker] INFO org.springframework.boot.test.context.SpringBootTestContextBootstrapper - Using TestExecutionListeners: [org.springframework.test.context.web.ServletTestExecutionListener@5b58ed3c, org.springframework.test.context.support.DirtiesContextBeforeModesTestExecutionListener@24faea88, org.springframework.test.context.event.ApplicationEventsTestExecutionListener@3a320ade, org.springframework.boot.test.mock.mockito.MockitoTestExecutionListener@64beebb7, org.springframework.boot.test.autoconfigure.SpringBootDependencyInjectionTestExecutionListener@7813cb11, org.springframework.test.context.support.DirtiesContextTestExecutionListener@bcec031, org.springframework.test.context.event.EventPublishingTestExecutionListener@21005f6c, org.springframework.boot.test.autoconfigure.restdocs.RestDocsTestExecutionListener@32f0fba8, org.springframework.boot.test.autoconfigure.web.client.MockRestServiceServerResetTestExecutionListener@545de5a4, org.springframework.boot.test.autoconfigure.web.servlet.MockMvcPrintOnlyOnFailureTestExecutionListener@29ef6856, org.springframework.boot.test.autoconfigure.web.servlet.WebDriverTestExecutionListener@ab7a938, org.springframework.boot.test.autoconfigure.webservices.client.MockWebServiceServerTestExecutionListener@3faf2e7d, org.springframework.boot.test.mock.mockito.ResetMocksTestExecutionListener@4648ce9]
09:34:46.865 [Test worker] DEBUG org.springframework.test.context.support.AbstractDirtiesContextTestExecutionListener - Before test class: context [DefaultTestContext@6256ac4f testClass = ProjectBoardApplicationTests, testInstance = [null], testMethod = [null], testException = [null], mergedContextConfiguration = [WebMergedContextConfiguration@44c79f32 testClass = ProjectBoardApplicationTests, locations = '{}', classes = '{class com.practice.project.ProjectBoardApplication}', contextInitializerClasses = '[]', activeProfiles = '{}', propertySourceLocations = '{}', propertySourceProperties = '{org.springframework.boot.test.context.SpringBootTestContextBootstrapper=true}', contextCustomizers = set[org.springframework.boot.test.autoconfigure.actuate.metrics.MetricsExportContextCustomizerFactory$DisableMetricExportContextCustomizer@62ef27a8, org.springframework.boot.test.autoconfigure.properties.PropertyMappingContextCustomizer@0, org.springframework.boot.test.autoconfigure.web.servlet.WebDriverContextCustomizerFactory$Customizer@6fb365ed, org.springframework.boot.test.context.filter.ExcludeFilterContextCustomizer@46dffdc3, org.springframework.boot.test.json.DuplicateJsonObjectContextCustomizerFactory$DuplicateJsonObjectContextCustomizer@db57326, org.springframework.boot.test.mock.mockito.MockitoContextCustomizer@0, org.springframework.boot.test.web.client.TestRestTemplateContextCustomizer@691939c9, org.springframework.boot.test.context.SpringBootTestArgs@1, org.springframework.boot.test.context.SpringBootTestWebEnvironment@3d6f0054], resourceBasePath = 'src/main/webapp', contextLoader = 'org.springframework.boot.test.context.SpringBootContextLoader', parent = [null]], attributes = map['org.springframework.test.context.web.ServletTestExecutionListener.activateListener' -> true]], class annotated with @DirtiesContext [false] with mode [null].

  .   ____          _            __ _ _
 /\\ / ___'_ __ _ _(_)_ __  __ _ \ \ \ \
( ( )\___ | '_ | '_| | '_ \/ _` | \ \ \ \
 \\/  ___)| |_)| | | | | || (_| |  ) ) ) )
  '  |____| .__|_| |_|_| |_\__, | / / / /
 =========|_|==============|___/=/_/_/_/
 :: Spring Boot ::      (v2.7.16-SNAPSHOT)

2023-09-09 09:34:47.186  INFO 13784 --- [    Test worker] c.p.p.ProjectBoardApplicationTests       : Starting ProjectBoardApplicationTests using Java 17.0.8.1 on rgdcn126 with PID 13784 (started by rgdcn in C:\github\board-practice\project-board)
2023-09-09 09:34:47.189  INFO 13784 --- [    Test worker] c.p.p.ProjectBoardApplicationTests       : No active profile set, falling back to 1 default profile: "default"
2023-09-09 09:34:49.396  INFO 13784 --- [    Test worker] o.s.b.a.e.web.EndpointLinksResolver      : Exposing 1 endpoint(s) beneath base path '/actuator'
2023-09-09 09:34:49.452  INFO 13784 --- [    Test worker] c.p.p.ProjectBoardApplicationTests       : Started ProjectBoardApplicationTests in 2.548 seconds (JVM running for 3.73)
]]></system-out>
  <system-err><![CDATA[]]></system-err>
</testsuite>
