<?xml version="1.0" encoding="UTF-8"?>
<testsuite name="com.practice.project.ProjectBoardApplicationTests" tests="1" skipped="0" failures="0" errors="0" timestamp="2023-09-12T14:57:52" hostname="RGDCN126" time="0.148">
  <properties/>
  <testcase name="contextLoads()" classname="com.practice.project.ProjectBoardApplicationTests" time="0.148"/>
  <system-out><![CDATA[23:57:46.414 [Test worker] DEBUG org.springframework.test.context.BootstrapUtils - Instantiating CacheAwareContextLoaderDelegate from class [org.springframework.test.context.cache.DefaultCacheAwareContextLoaderDelegate]
23:57:46.425 [Test worker] DEBUG org.springframework.test.context.BootstrapUtils - Instantiating BootstrapContext using constructor [public org.springframework.test.context.support.DefaultBootstrapContext(java.lang.Class,org.springframework.test.context.CacheAwareContextLoaderDelegate)]
23:57:46.451 [Test worker] DEBUG org.springframework.test.context.BootstrapUtils - Instantiating TestContextBootstrapper for test class [com.practice.project.ProjectBoardApplicationTests] from class [org.springframework.boot.test.context.SpringBootTestContextBootstrapper]
23:57:46.463 [Test worker] INFO org.springframework.boot.test.context.SpringBootTestContextBootstrapper - Neither @ContextConfiguration nor @ContextHierarchy found for test class [com.practice.project.ProjectBoardApplicationTests], using SpringBootContextLoader
23:57:46.466 [Test worker] DEBUG org.springframework.test.context.support.AbstractContextLoader - Did not detect default resource location for test class [com.practice.project.ProjectBoardApplicationTests]: class path resource [com/practice/project/ProjectBoardApplicationTests-context.xml] does not exist
23:57:46.466 [Test worker] DEBUG org.springframework.test.context.support.AbstractContextLoader - Did not detect default resource location for test class [com.practice.project.ProjectBoardApplicationTests]: class path resource [com/practice/project/ProjectBoardApplicationTestsContext.groovy] does not exist
23:57:46.466 [Test worker] INFO org.springframework.test.context.support.AbstractContextLoader - Could not detect default resource locations for test class [com.practice.project.ProjectBoardApplicationTests]: no resource found for suffixes {-context.xml, Context.groovy}.
23:57:46.466 [Test worker] INFO org.springframework.test.context.support.AnnotationConfigContextLoaderUtils - Could not detect default configuration classes for test class [com.practice.project.ProjectBoardApplicationTests]: ProjectBoardApplicationTests does not declare any static, non-private, non-final, nested classes annotated with @Configuration.
23:57:46.498 [Test worker] DEBUG org.springframework.test.context.support.ActiveProfilesUtils - Could not find an 'annotation declaring class' for annotation type [org.springframework.test.context.ActiveProfiles] and class [com.practice.project.ProjectBoardApplicationTests]
23:57:46.539 [Test worker] DEBUG org.springframework.context.annotation.ClassPathScanningCandidateComponentProvider - Identified candidate component class: file [C:\github\board-practice\project-board\build\classes\java\main\com\practice\project\ProjectBoardApplication.class]
23:57:46.540 [Test worker] INFO org.springframework.boot.test.context.SpringBootTestContextBootstrapper - Found @SpringBootConfiguration com.practice.project.ProjectBoardApplication for test class com.practice.project.ProjectBoardApplicationTests
23:57:46.619 [Test worker] DEBUG org.springframework.boot.test.context.SpringBootTestContextBootstrapper - @TestExecutionListeners is not present for class [com.practice.project.ProjectBoardApplicationTests]: using defaults.
23:57:46.619 [Test worker] INFO org.springframework.boot.test.context.SpringBootTestContextBootstrapper - Loaded default TestExecutionListener class names from location [META-INF/spring.factories]: [org.springframework.boot.test.autoconfigure.restdocs.RestDocsTestExecutionListener, org.springframework.boot.test.autoconfigure.web.client.MockRestServiceServerResetTestExecutionListener, org.springframework.boot.test.autoconfigure.web.servlet.MockMvcPrintOnlyOnFailureTestExecutionListener, org.springframework.boot.test.autoconfigure.web.servlet.WebDriverTestExecutionListener, org.springframework.boot.test.autoconfigure.webservices.client.MockWebServiceServerTestExecutionListener, org.springframework.boot.test.mock.mockito.MockitoTestExecutionListener, org.springframework.boot.test.mock.mockito.ResetMocksTestExecutionListener, org.springframework.test.context.web.ServletTestExecutionListener, org.springframework.test.context.support.DirtiesContextBeforeModesTestExecutionListener, org.springframework.test.context.event.ApplicationEventsTestExecutionListener, org.springframework.test.context.support.DependencyInjectionTestExecutionListener, org.springframework.test.context.support.DirtiesContextTestExecutionListener, org.springframework.test.context.transaction.TransactionalTestExecutionListener, org.springframework.test.context.jdbc.SqlScriptsTestExecutionListener, org.springframework.test.context.event.EventPublishingTestExecutionListener]
23:57:46.633 [Test worker] INFO org.springframework.boot.test.context.SpringBootTestContextBootstrapper - Using TestExecutionListeners: [org.springframework.test.context.web.ServletTestExecutionListener@1bdf8190, org.springframework.test.context.support.DirtiesContextBeforeModesTestExecutionListener@192f2f27, org.springframework.test.context.event.ApplicationEventsTestExecutionListener@8a589a2, org.springframework.boot.test.mock.mockito.MockitoTestExecutionListener@c65a5ef, org.springframework.boot.test.autoconfigure.SpringBootDependencyInjectionTestExecutionListener@6b5176f2, org.springframework.test.context.support.DirtiesContextTestExecutionListener@b672aa8, org.springframework.test.context.transaction.TransactionalTestExecutionListener@2fab4aff, org.springframework.test.context.jdbc.SqlScriptsTestExecutionListener@ec0c838, org.springframework.test.context.event.EventPublishingTestExecutionListener@6e46d9f4, org.springframework.boot.test.autoconfigure.restdocs.RestDocsTestExecutionListener@5cc69cfe, org.springframework.boot.test.autoconfigure.web.client.MockRestServiceServerResetTestExecutionListener@29cfd92b, org.springframework.boot.test.autoconfigure.web.servlet.MockMvcPrintOnlyOnFailureTestExecutionListener@21c64522, org.springframework.boot.test.autoconfigure.web.servlet.WebDriverTestExecutionListener@7997b197, org.springframework.boot.test.autoconfigure.webservices.client.MockWebServiceServerTestExecutionListener@11dee337, org.springframework.boot.test.mock.mockito.ResetMocksTestExecutionListener@460f76a6]
23:57:46.636 [Test worker] DEBUG org.springframework.test.context.support.AbstractDirtiesContextTestExecutionListener - Before test class: context [DefaultTestContext@523424b5 testClass = ProjectBoardApplicationTests, testInstance = [null], testMethod = [null], testException = [null], mergedContextConfiguration = [WebMergedContextConfiguration@2baa8d82 testClass = ProjectBoardApplicationTests, locations = '{}', classes = '{class com.practice.project.ProjectBoardApplication}', contextInitializerClasses = '[]', activeProfiles = '{}', propertySourceLocations = '{}', propertySourceProperties = '{org.springframework.boot.test.context.SpringBootTestContextBootstrapper=true}', contextCustomizers = set[org.springframework.boot.test.autoconfigure.actuate.metrics.MetricsExportContextCustomizerFactory$DisableMetricExportContextCustomizer@22ffa91a, org.springframework.boot.test.autoconfigure.properties.PropertyMappingContextCustomizer@0, org.springframework.boot.test.autoconfigure.web.servlet.WebDriverContextCustomizerFactory$Customizer@112f364d, org.springframework.boot.test.context.filter.ExcludeFilterContextCustomizer@59252cb6, org.springframework.boot.test.json.DuplicateJsonObjectContextCustomizerFactory$DuplicateJsonObjectContextCustomizer@626c44e7, org.springframework.boot.test.mock.mockito.MockitoContextCustomizer@0, org.springframework.boot.test.web.client.TestRestTemplateContextCustomizer@2c5529ab, org.springframework.boot.test.context.SpringBootTestArgs@1, org.springframework.boot.test.context.SpringBootTestWebEnvironment@5d7148e2], resourceBasePath = 'src/main/webapp', contextLoader = 'org.springframework.boot.test.context.SpringBootContextLoader', parent = [null]], attributes = map['org.springframework.test.context.web.ServletTestExecutionListener.activateListener' -> true]], class annotated with @DirtiesContext [false] with mode [null].

  .   ____          _            __ _ _
 /\\ / ___'_ __ _ _(_)_ __  __ _ \ \ \ \
( ( )\___ | '_ | '_| | '_ \/ _` | \ \ \ \
 \\/  ___)| |_)| | | | | || (_| |  ) ) ) )
  '  |____| .__|_| |_|_| |_\__, | / / / /
 =========|_|==============|___/=/_/_/_/
 :: Spring Boot ::      (v2.7.16-SNAPSHOT)

2023-09-12 23:57:46.950  INFO 31112 --- [    Test worker] c.p.p.ProjectBoardApplicationTests       : Starting ProjectBoardApplicationTests using Java 17.0.8.1 on rgdcn126 with PID 31112 (started by rgdcn in C:\github\board-practice\project-board)
2023-09-12 23:57:46.950 DEBUG 31112 --- [    Test worker] c.p.p.ProjectBoardApplicationTests       : Running with Spring Boot v2.7.16-SNAPSHOT, Spring v5.3.30-SNAPSHOT
2023-09-12 23:57:46.951  INFO 31112 --- [    Test worker] c.p.p.ProjectBoardApplicationTests       : No active profile set, falling back to 1 default profile: "default"
2023-09-12 23:57:47.679  INFO 31112 --- [    Test worker] .s.d.r.c.RepositoryConfigurationDelegate : Bootstrapping Spring Data JPA repositories in DEFAULT mode.
2023-09-12 23:57:47.740  INFO 31112 --- [    Test worker] .s.d.r.c.RepositoryConfigurationDelegate : Finished Spring Data repository scanning in 55 ms. Found 2 JPA repository interfaces.
2023-09-12 23:57:48.324  INFO 31112 --- [    Test worker] o.hibernate.jpa.internal.util.LogHelper  : HHH000204: Processing PersistenceUnitInfo [name: default]
2023-09-12 23:57:48.377  INFO 31112 --- [    Test worker] org.hibernate.Version                    : HHH000412: Hibernate ORM core version 5.6.15.Final
2023-09-12 23:57:48.541  INFO 31112 --- [    Test worker] o.hibernate.annotations.common.Version   : HCANN000001: Hibernate Commons Annotations {5.1.2.Final}
2023-09-12 23:57:48.666  INFO 31112 --- [    Test worker] com.zaxxer.hikari.HikariDataSource       : HikariPool-1 - Starting...
2023-09-12 23:57:48.895  INFO 31112 --- [    Test worker] com.zaxxer.hikari.HikariDataSource       : HikariPool-1 - Start completed.
2023-09-12 23:57:48.929  INFO 31112 --- [    Test worker] org.hibernate.dialect.Dialect            : HHH000400: Using dialect: org.hibernate.dialect.MySQL8Dialect
Hibernate: 
    
    alter table article_comment 
       drop 
       foreign key FKghmocqkgqs5tkmucf5putw64t
Hibernate: 
    
    drop table if exists article
Hibernate: 
    
    drop table if exists article_comment
Hibernate: 
    
    create table article (
       id bigint not null auto_increment,
        created_at datetime(6) not null,
        created_by varchar(100) not null,
        modified_at datetime(6) not null,
        modified_by varchar(100) not null,
        content varchar(10000) not null,
        hashtags varchar(255) not null,
        title varchar(255) not null,
        primary key (id)
    ) engine=InnoDB
Hibernate: 
    
    create table article_comment (
       id bigint not null auto_increment,
        created_at datetime(6) not null,
        created_by varchar(100) not null,
        modified_at datetime(6) not null,
        modified_by varchar(100) not null,
        content varchar(500) not null,
        article_id bigint not null,
        primary key (id)
    ) engine=InnoDB
Hibernate: create index IDX571gx7oqo5xpmgocegaidlcu9 on article (title)
Hibernate: create index IDXf3hxpr0e4i4tuy0lob08loqwn on article (hashtags)
Hibernate: create index IDXrmt77yibijtk4sarremr67saa on article (created_at)
Hibernate: create index IDXjl4utii2etiocimt799wvtuvv on article (created_by)
Hibernate: create index IDXpieqqnljv147sefofs56h25qx on article_comment (content)
Hibernate: create index IDXh1jx107qecntcbcpc2vfb07ij on article_comment (created_at)
Hibernate: create index IDXc6pa61djuf2o8xnceyyvtdbaq on article_comment (created_by)
Hibernate: 
    
    alter table article_comment 
       add constraint FKghmocqkgqs5tkmucf5putw64t 
       foreign key (article_id) 
       references article (id)
2023-09-12 23:57:49.765  INFO 31112 --- [    Test worker] o.h.e.t.j.p.i.JtaPlatformInitiator       : HHH000490: Using JtaPlatform implementation: [org.hibernate.engine.transaction.jta.platform.internal.NoJtaPlatform]
2023-09-12 23:57:49.775  INFO 31112 --- [    Test worker] j.LocalContainerEntityManagerFactoryBean : Initialized JPA EntityManagerFactory for persistence unit 'default'
2023-09-12 23:57:51.407 DEBUG 31112 --- [    Test worker] s.w.s.m.m.a.RequestMappingHandlerAdapter : ControllerAdvice beans: 0 @ModelAttribute, 0 @InitBinder, 1 RequestBodyAdvice, 1 ResponseBodyAdvice
2023-09-12 23:57:51.455  INFO 31112 --- [    Test worker] o.s.b.a.h2.H2ConsoleAutoConfiguration    : H2 console available at '/h2-console'. Database available at 'jdbc:mysql://localhost:3306/board'
2023-09-12 23:57:51.539 DEBUG 31112 --- [    Test worker] s.w.s.m.m.a.RequestMappingHandlerMapping : 2 mappings in 'requestMappingHandlerMapping'
2023-09-12 23:57:51.612 DEBUG 31112 --- [    Test worker] o.s.w.s.handler.SimpleUrlHandlerMapping  : Patterns [/webjars/**, /**, /api/explorer/**] in 'resourceHandlerMapping'
2023-09-12 23:57:51.634 DEBUG 31112 --- [    Test worker] .m.m.a.ExceptionHandlerExceptionResolver : ControllerAdvice beans: 1 @ExceptionHandler, 1 ResponseBodyAdvice
2023-09-12 23:57:52.403  INFO 31112 --- [    Test worker] o.s.b.a.e.web.EndpointLinksResolver      : Exposing 13 endpoint(s) beneath base path '/actuator'
2023-09-12 23:57:52.454  INFO 31112 --- [    Test worker] c.p.p.ProjectBoardApplicationTests       : Started ProjectBoardApplicationTests in 5.788 seconds (JVM running for 6.824)
]]></system-out>
  <system-err><![CDATA[]]></system-err>
</testsuite>
