<?xml version="1.0" encoding="UTF-8"?>
<testsuite name="com.practice.project.ProjectBoardApplicationTests" tests="1" skipped="0" failures="0" errors="0" timestamp="2023-09-09T03:04:54" hostname="RGDCN126" time="0.296">
  <properties/>
  <testcase name="contextLoads()" classname="com.practice.project.ProjectBoardApplicationTests" time="0.296"/>
  <system-out><![CDATA[12:04:49.701 [Test worker] DEBUG org.springframework.test.context.BootstrapUtils - Instantiating CacheAwareContextLoaderDelegate from class [org.springframework.test.context.cache.DefaultCacheAwareContextLoaderDelegate]
12:04:49.712 [Test worker] DEBUG org.springframework.test.context.BootstrapUtils - Instantiating BootstrapContext using constructor [public org.springframework.test.context.support.DefaultBootstrapContext(java.lang.Class,org.springframework.test.context.CacheAwareContextLoaderDelegate)]
12:04:49.743 [Test worker] DEBUG org.springframework.test.context.BootstrapUtils - Instantiating TestContextBootstrapper for test class [com.practice.project.ProjectBoardApplicationTests] from class [org.springframework.boot.test.context.SpringBootTestContextBootstrapper]
12:04:49.755 [Test worker] INFO org.springframework.boot.test.context.SpringBootTestContextBootstrapper - Neither @ContextConfiguration nor @ContextHierarchy found for test class [com.practice.project.ProjectBoardApplicationTests], using SpringBootContextLoader
12:04:49.758 [Test worker] DEBUG org.springframework.test.context.support.AbstractContextLoader - Did not detect default resource location for test class [com.practice.project.ProjectBoardApplicationTests]: class path resource [com/practice/project/ProjectBoardApplicationTests-context.xml] does not exist
12:04:49.759 [Test worker] DEBUG org.springframework.test.context.support.AbstractContextLoader - Did not detect default resource location for test class [com.practice.project.ProjectBoardApplicationTests]: class path resource [com/practice/project/ProjectBoardApplicationTestsContext.groovy] does not exist
12:04:49.759 [Test worker] INFO org.springframework.test.context.support.AbstractContextLoader - Could not detect default resource locations for test class [com.practice.project.ProjectBoardApplicationTests]: no resource found for suffixes {-context.xml, Context.groovy}.
12:04:49.759 [Test worker] INFO org.springframework.test.context.support.AnnotationConfigContextLoaderUtils - Could not detect default configuration classes for test class [com.practice.project.ProjectBoardApplicationTests]: ProjectBoardApplicationTests does not declare any static, non-private, non-final, nested classes annotated with @Configuration.
12:04:49.797 [Test worker] DEBUG org.springframework.test.context.support.ActiveProfilesUtils - Could not find an 'annotation declaring class' for annotation type [org.springframework.test.context.ActiveProfiles] and class [com.practice.project.ProjectBoardApplicationTests]
12:04:49.860 [Test worker] DEBUG org.springframework.context.annotation.ClassPathScanningCandidateComponentProvider - Identified candidate component class: file [C:\github\board-practice\project-board\build\classes\java\main\com\practice\project\ProjectBoardApplication.class]
12:04:49.861 [Test worker] INFO org.springframework.boot.test.context.SpringBootTestContextBootstrapper - Found @SpringBootConfiguration com.practice.project.ProjectBoardApplication for test class com.practice.project.ProjectBoardApplicationTests
12:04:49.970 [Test worker] DEBUG org.springframework.boot.test.context.SpringBootTestContextBootstrapper - @TestExecutionListeners is not present for class [com.practice.project.ProjectBoardApplicationTests]: using defaults.
12:04:49.970 [Test worker] INFO org.springframework.boot.test.context.SpringBootTestContextBootstrapper - Loaded default TestExecutionListener class names from location [META-INF/spring.factories]: [org.springframework.boot.test.autoconfigure.restdocs.RestDocsTestExecutionListener, org.springframework.boot.test.autoconfigure.web.client.MockRestServiceServerResetTestExecutionListener, org.springframework.boot.test.autoconfigure.web.servlet.MockMvcPrintOnlyOnFailureTestExecutionListener, org.springframework.boot.test.autoconfigure.web.servlet.WebDriverTestExecutionListener, org.springframework.boot.test.autoconfigure.webservices.client.MockWebServiceServerTestExecutionListener, org.springframework.boot.test.mock.mockito.MockitoTestExecutionListener, org.springframework.boot.test.mock.mockito.ResetMocksTestExecutionListener, org.springframework.test.context.web.ServletTestExecutionListener, org.springframework.test.context.support.DirtiesContextBeforeModesTestExecutionListener, org.springframework.test.context.event.ApplicationEventsTestExecutionListener, org.springframework.test.context.support.DependencyInjectionTestExecutionListener, org.springframework.test.context.support.DirtiesContextTestExecutionListener, org.springframework.test.context.transaction.TransactionalTestExecutionListener, org.springframework.test.context.jdbc.SqlScriptsTestExecutionListener, org.springframework.test.context.event.EventPublishingTestExecutionListener]
12:04:49.989 [Test worker] INFO org.springframework.boot.test.context.SpringBootTestContextBootstrapper - Using TestExecutionListeners: [org.springframework.test.context.web.ServletTestExecutionListener@184497d1, org.springframework.test.context.support.DirtiesContextBeforeModesTestExecutionListener@f9d87b, org.springframework.test.context.event.ApplicationEventsTestExecutionListener@6ffab045, org.springframework.boot.test.mock.mockito.MockitoTestExecutionListener@26fb628, org.springframework.boot.test.autoconfigure.SpringBootDependencyInjectionTestExecutionListener@3e2943ab, org.springframework.test.context.support.DirtiesContextTestExecutionListener@70dd7e15, org.springframework.test.context.transaction.TransactionalTestExecutionListener@4a9f80d3, org.springframework.test.context.jdbc.SqlScriptsTestExecutionListener@35beb15e, org.springframework.test.context.event.EventPublishingTestExecutionListener@41fe9859, org.springframework.boot.test.autoconfigure.restdocs.RestDocsTestExecutionListener@5ac86ba5, org.springframework.boot.test.autoconfigure.web.client.MockRestServiceServerResetTestExecutionListener@6c67e137, org.springframework.boot.test.autoconfigure.web.servlet.MockMvcPrintOnlyOnFailureTestExecutionListener@2c9399a4, org.springframework.boot.test.autoconfigure.web.servlet.WebDriverTestExecutionListener@191ae03f, org.springframework.boot.test.autoconfigure.webservices.client.MockWebServiceServerTestExecutionListener@9635fa, org.springframework.boot.test.mock.mockito.ResetMocksTestExecutionListener@53ab0286]
12:04:49.992 [Test worker] DEBUG org.springframework.test.context.support.AbstractDirtiesContextTestExecutionListener - Before test class: context [DefaultTestContext@6865c751 testClass = ProjectBoardApplicationTests, testInstance = [null], testMethod = [null], testException = [null], mergedContextConfiguration = [WebMergedContextConfiguration@62679465 testClass = ProjectBoardApplicationTests, locations = '{}', classes = '{class com.practice.project.ProjectBoardApplication}', contextInitializerClasses = '[]', activeProfiles = '{}', propertySourceLocations = '{}', propertySourceProperties = '{org.springframework.boot.test.context.SpringBootTestContextBootstrapper=true}', contextCustomizers = set[org.springframework.boot.test.autoconfigure.actuate.metrics.MetricsExportContextCustomizerFactory$DisableMetricExportContextCustomizer@5d12a356, org.springframework.boot.test.autoconfigure.properties.PropertyMappingContextCustomizer@0, org.springframework.boot.test.autoconfigure.web.servlet.WebDriverContextCustomizerFactory$Customizer@8dbfffb, org.springframework.boot.test.context.filter.ExcludeFilterContextCustomizer@59b38691, org.springframework.boot.test.json.DuplicateJsonObjectContextCustomizerFactory$DuplicateJsonObjectContextCustomizer@7502291e, org.springframework.boot.test.mock.mockito.MockitoContextCustomizer@0, org.springframework.boot.test.web.client.TestRestTemplateContextCustomizer@5f0e9815, org.springframework.boot.test.context.SpringBootTestArgs@1, org.springframework.boot.test.context.SpringBootTestWebEnvironment@1e04fa0a], resourceBasePath = 'src/main/webapp', contextLoader = 'org.springframework.boot.test.context.SpringBootContextLoader', parent = [null]], attributes = map['org.springframework.test.context.web.ServletTestExecutionListener.activateListener' -> true]], class annotated with @DirtiesContext [false] with mode [null].

  .   ____          _            __ _ _
 /\\ / ___'_ __ _ _(_)_ __  __ _ \ \ \ \
( ( )\___ | '_ | '_| | '_ \/ _` | \ \ \ \
 \\/  ___)| |_)| | | | | || (_| |  ) ) ) )
  '  |____| .__|_| |_|_| |_\__, | / / / /
 =========|_|==============|___/=/_/_/_/
 :: Spring Boot ::      (v2.7.16-SNAPSHOT)

2023-09-09 12:04:50.359  INFO 35564 --- [    Test worker] c.p.p.ProjectBoardApplicationTests       : Starting ProjectBoardApplicationTests using Java 17.0.8.1 on rgdcn126 with PID 35564 (started by rgdcn in C:\github\board-practice\project-board)
2023-09-09 12:04:50.360 DEBUG 35564 --- [    Test worker] c.p.p.ProjectBoardApplicationTests       : Running with Spring Boot v2.7.16-SNAPSHOT, Spring v5.3.30-SNAPSHOT
2023-09-09 12:04:50.360  INFO 35564 --- [    Test worker] c.p.p.ProjectBoardApplicationTests       : No active profile set, falling back to 1 default profile: "default"
2023-09-09 12:04:51.178  INFO 35564 --- [    Test worker] .s.d.r.c.RepositoryConfigurationDelegate : Bootstrapping Spring Data JPA repositories in DEFAULT mode.
2023-09-09 12:04:51.194  INFO 35564 --- [    Test worker] .s.d.r.c.RepositoryConfigurationDelegate : Finished Spring Data repository scanning in 7 ms. Found 0 JPA repository interfaces.
2023-09-09 12:04:51.698  INFO 35564 --- [    Test worker] o.hibernate.jpa.internal.util.LogHelper  : HHH000204: Processing PersistenceUnitInfo [name: default]
2023-09-09 12:04:51.751  INFO 35564 --- [    Test worker] org.hibernate.Version                    : HHH000412: Hibernate ORM core version 5.6.15.Final
2023-09-09 12:04:51.953  INFO 35564 --- [    Test worker] o.hibernate.annotations.common.Version   : HCANN000001: Hibernate Commons Annotations {5.1.2.Final}
2023-09-09 12:04:52.070  INFO 35564 --- [    Test worker] com.zaxxer.hikari.HikariDataSource       : HikariPool-1 - Starting...
2023-09-09 12:04:52.411  INFO 35564 --- [    Test worker] com.zaxxer.hikari.HikariDataSource       : HikariPool-1 - Start completed.
2023-09-09 12:04:52.447  INFO 35564 --- [    Test worker] org.hibernate.dialect.Dialect            : HHH000400: Using dialect: org.hibernate.dialect.MySQL8Dialect
2023-09-09 12:04:52.661  INFO 35564 --- [    Test worker] o.h.e.t.j.p.i.JtaPlatformInitiator       : HHH000490: Using JtaPlatform implementation: [org.hibernate.engine.transaction.jta.platform.internal.NoJtaPlatform]
2023-09-09 12:04:52.670  INFO 35564 --- [    Test worker] j.LocalContainerEntityManagerFactoryBean : Initialized JPA EntityManagerFactory for persistence unit 'default'
2023-09-09 12:04:53.317 DEBUG 35564 --- [    Test worker] s.w.s.m.m.a.RequestMappingHandlerAdapter : ControllerAdvice beans: 0 @ModelAttribute, 0 @InitBinder, 1 RequestBodyAdvice, 1 ResponseBodyAdvice
2023-09-09 12:04:53.464 DEBUG 35564 --- [    Test worker] s.w.s.m.m.a.RequestMappingHandlerMapping : 2 mappings in 'requestMappingHandlerMapping'
2023-09-09 12:04:53.521 DEBUG 35564 --- [    Test worker] o.s.w.s.handler.SimpleUrlHandlerMapping  : Patterns [/webjars/**, /**] in 'resourceHandlerMapping'
2023-09-09 12:04:53.541 DEBUG 35564 --- [    Test worker] .m.m.a.ExceptionHandlerExceptionResolver : ControllerAdvice beans: 0 @ExceptionHandler, 1 ResponseBodyAdvice
2023-09-09 12:04:54.147  INFO 35564 --- [    Test worker] o.s.b.a.e.web.EndpointLinksResolver      : Exposing 13 endpoint(s) beneath base path '/actuator'
2023-09-09 12:04:54.224  INFO 35564 --- [    Test worker] c.p.p.ProjectBoardApplicationTests       : Started ProjectBoardApplicationTests in 4.19 seconds (JVM running for 5.307)
]]></system-out>
  <system-err><![CDATA[]]></system-err>
</testsuite>
